=======================[2017-10-26 16:50:56] Program Start=========================
[2017-10-26 16:50:56]:[INFO at File(main.cpp) id(1) Flag 2]FPS Display = True
[2017-10-26 16:50:56]:[INFO at File(main.cpp) id(1) Flag 3]posPlayer =(240,320)
[2017-10-26 16:50:56]:[INFO at File(main.cpp) id(1) Flag 4]In drawPlayer() process.
[2017-10-26 16:50:56]:[INFO at File(main.cpp) id(1) Flag 4]In drawPlayer() process.
[2017-10-26 16:50:57]:[INFO at File(main.cpp) id(1) Flag 4]In drawPlayer() process.
[2017-10-26 16:50:57]:[INFO at File(main.cpp) id(1) Flag 4]In drawPlayer() process.
=======================[2017-10-26 16:50:57] Program Finish========================
=======================[2017-10-26 16:51:12] Program Start=========================
[2017-10-26 16:51:12]:[INFO at File(main.cpp) id(1) Flag 2]FPS Display = True
[2017-10-26 16:51:12]:[INFO at File(main.cpp) id(1) Flag 3]posPlayer =(240,320)
[2017-10-26 16:51:13]:[INFO at File(main.cpp) id(1) Flag 4]In drawPlayer() process.
[2017-10-26 16:51:13]:[INFO at File(main.cpp) id(1) Flag 4]In drawPlayer() process.
[2017-10-26 16:51:14]:[INFO at File(main.cpp) id(1) Flag 4]In drawPlayer() process.
[2017-10-26 16:51:14]:[INFO at File(main.cpp) id(1) Flag 4]In drawPlayer() process.
[2017-10-26 16:51:15]:[INFO at File(main.cpp) id(1) Flag 4]In drawPlayer() process.
[2017-10-26 16:51:16]:[INFO at File(main.cpp) id(1) Flag 4]In drawPlayer() process.
[2017-10-26 16:51:16]:[INFO at File(main.cpp) id(1) Flag 4]In drawPlayer() process.
[2017-10-26 16:51:17]:[INFO at File(main.cpp) id(1) Flag 4]In drawPlayer() process.
[2017-10-26 16:51:17]:[INFO at File(main.cpp) id(1) Flag 4]In drawPlayer() process.
[2017-10-26 16:51:18]:[INFO at File(main.cpp) id(1) Flag 4]In drawPlayer() process.
[2017-10-26 16:51:18]:[INFO at File(main.cpp) id(1) Flag 4]In drawPlayer() process.
[2017-10-26 16:51:19]:[INFO at File(main.cpp) id(1) Flag 4]In drawPlayer() process.
[2017-10-26 16:51:19]:[INFO at File(main.cpp) id(1) Flag 4]In drawPlayer() process.
[2017-10-26 16:51:20]:[INFO at File(main.cpp) id(1) Flag 4]In drawPlayer() process.
[2017-10-26 16:51:21]:[INFO at File(main.cpp) id(1) Flag 4]In drawPlayer() process.
[2017-10-26 16:51:21]:[INFO at File(main.cpp) id(1) Flag 4]In drawPlayer() process.
[2017-10-26 16:51:22]:[INFO at File(main.cpp) id(1) Flag 4]In drawPlayer() process.
[2017-10-26 16:51:22]:[INFO at File(main.cpp) id(1) Flag 4]In drawPlayer() process.
[2017-10-26 16:51:23]:[INFO at File(main.cpp) id(1) Flag 4]In drawPlayer() process.
[2017-10-26 16:51:23]:[INFO at File(main.cpp) id(1) Flag 4]In drawPlayer() process.
[2017-10-26 16:51:24]:[INFO at File(main.cpp) id(1) Flag 4]In drawPlayer() process.
[2017-10-26 16:51:25]:[INFO at File(main.cpp) id(1) Flag 4]In drawPlayer() process.
[2017-10-26 16:51:25]:[INFO at File(main.cpp) id(1) Flag 4]In drawPlayer() process.
[2017-10-26 16:51:26]:[INFO at File(main.cpp) id(1) Flag 4]In drawPlayer() process.
[2017-10-26 16:51:26]:[INFO at File(main.cpp) id(1) Flag 4]In drawPlayer() process.
[2017-10-26 16:51:27]:[INFO at File(main.cpp) id(1) Flag 4]In drawPlayer() process.
[2017-10-26 16:51:27]:[INFO at File(main.cpp) id(1) Flag 4]In drawPlayer() process.
[2017-10-26 16:51:28]:[INFO at File(main.cpp) id(1) Flag 4]In drawPlayer() process.
[2017-10-26 16:51:28]:[INFO at File(main.cpp) id(1) Flag 4]In drawPlayer() process.
[2017-10-26 16:51:29]:[INFO at File(main.cpp) id(1) Flag 4]In drawPlayer() process.
=======================[2017-10-26 16:51:29] Program Finish========================
=======================[2017-10-26 16:52:25] Program Start=========================
[2017-10-26 16:52:25]:[INFO at File(main.cpp) id(1) Flag 2]FPS Display = True
[2017-10-26 16:52:25]:[INFO at File(main.cpp) id(1) Flag 3]posPlayer =(240,320)
[2017-10-26 16:52:26]:[INFO at File(main.cpp) id(1) Flag 4]In drawPlayer() process.
[2017-10-26 16:52:28]:[INFO at File(main.cpp) id(1) Flag 4]In drawPlayer() process.
[2017-10-26 16:52:31]:[INFO at File(main.cpp) id(1) Flag 4]In drawPlayer() process.
[2017-10-26 16:52:33]:[INFO at File(main.cpp) id(1) Flag 4]In drawPlayer() process.
[2017-10-26 16:52:36]:[INFO at File(main.cpp) id(1) Flag 4]In drawPlayer() process.
[2017-10-26 16:52:38]:[INFO at File(main.cpp) id(1) Flag 4]In drawPlayer() process.
[2017-10-26 16:52:41]:[INFO at File(main.cpp) id(1) Flag 4]In drawPlayer() process.
=======================[2017-10-26 16:52:42] Program Finish========================
