[2017-11-24 22:41:54]:[RunTime: 1 seconds]:[INFO at File() id(1) Line(0)]=====================New Information==========================
[2017-11-24 22:41:54]:[RunTime: 1 seconds]:[INFO at File(/Users/peterzheng/GitHubProjects/STG_Game_2017Fall/src/main.cpp) id(1) Line(345)]Variable Information:
[2017-11-24 22:41:54]:[RunTime: 1 seconds]:[INFO at File(/Users/peterzheng/GitHubProjects/STG_Game_2017Fall/src/main.cpp) id(1) Line(351)]Vector Size{1}enemy:0 {2}bullet:0 {3}userbullet:0  {4}stopAnimation:0  {5}userBulletCurve:0  {6}BulletCurve:0
[2017-11-24 22:41:54]:[RunTime: 1 seconds]:[INFO at File(/Users/peterzheng/GitHubProjects/STG_Game_2017Fall/src/main.cpp) id(1) Line(357)]Vector Address{1}enemy:0x101a26c58 {2}bullet:0x101a26c70 {3}userbullet:0x101a26c88  {4}stopAnimation:0x101a27108  {5}userBulletCurve:0x101a26cb8  {6}BulletCurve:0x101a26ca0
[2017-11-24 22:41:54]:[RunTime: 1 seconds]:[INFO at File(/Users/peterzheng/GitHubProjects/STG_Game_2017Fall/src/main.cpp) id(1) Line(361)]Player Point{1}x:512 {2}y:384
[2017-11-24 22:41:54]:[RunTime: 1 seconds]:[INFO at File(/Users/peterzheng/GitHubProjects/STG_Game_2017Fall/src/main.cpp) id(1) Line(365)]PCMPlaying: Status Normal
[2017-11-24 22:41:54]:[RunTime: 1 seconds]:[INFO at File(/Users/peterzheng/GitHubProjects/STG_Game_2017Fall/src/main.cpp) id(1) Line(368)]PCMPlaying: NowPlaying 0 Bytes Data.
[2017-11-24 22:41:54]:[RunTime: 1 seconds]:[INFO at File() id(1) Line(0)]=====================Information End==========================
[2017-11-24 22:41:55]:[RunTime: 2 seconds]:[INFO at File() id(1) Line(0)]=====================New Information==========================
[2017-11-24 22:41:55]:[RunTime: 2 seconds]:[INFO at File(/Users/peterzheng/GitHubProjects/STG_Game_2017Fall/src/main.cpp) id(1) Line(345)]Variable Information:
[2017-11-24 22:41:55]:[RunTime: 2 seconds]:[INFO at File(/Users/peterzheng/GitHubProjects/STG_Game_2017Fall/src/main.cpp) id(1) Line(351)]Vector Size{1}enemy:0 {2}bullet:0 {3}userbullet:0  {4}stopAnimation:0  {5}userBulletCurve:0  {6}BulletCurve:0
[2017-11-24 22:41:55]:[RunTime: 2 seconds]:[INFO at File(/Users/peterzheng/GitHubProjects/STG_Game_2017Fall/src/main.cpp) id(1) Line(357)]Vector Address{1}enemy:0x101a26c58 {2}bullet:0x101a26c70 {3}userbullet:0x101a26c88  {4}stopAnimation:0x101a27108  {5}userBulletCurve:0x101a26cb8  {6}BulletCurve:0x101a26ca0
[2017-11-24 22:41:55]:[RunTime: 2 seconds]:[INFO at File(/Users/peterzheng/GitHubProjects/STG_Game_2017Fall/src/main.cpp) id(1) Line(361)]Player Point{1}x:512 {2}y:384
[2017-11-24 22:41:55]:[RunTime: 2 seconds]:[INFO at File(/Users/peterzheng/GitHubProjects/STG_Game_2017Fall/src/main.cpp) id(1) Line(365)]PCMPlaying: Status Normal
[2017-11-24 22:41:55]:[RunTime: 2 seconds]:[INFO at File(/Users/peterzheng/GitHubProjects/STG_Game_2017Fall/src/main.cpp) id(1) Line(368)]PCMPlaying: NowPlaying 131072 Bytes Data.
[2017-11-24 22:41:55]:[RunTime: 2 seconds]:[INFO at File() id(1) Line(0)]=====================Information End==========================
[2017-11-24 22:41:56]:[RunTime: 3 seconds]:[INFO at File() id(1) Line(0)]=====================New Information==========================
[2017-11-24 22:41:56]:[RunTime: 3 seconds]:[INFO at File(/Users/peterzheng/GitHubProjects/STG_Game_2017Fall/src/main.cpp) id(1) Line(345)]Variable Information:
[2017-11-24 22:41:56]:[RunTime: 3 seconds]:[INFO at File(/Users/peterzheng/GitHubProjects/STG_Game_2017Fall/src/main.cpp) id(1) Line(351)]Vector Size{1}enemy:0 {2}bullet:0 {3}userbullet:0  {4}stopAnimation:0  {5}userBulletCurve:0  {6}BulletCurve:0
[2017-11-24 22:41:56]:[RunTime: 3 seconds]:[INFO at File(/Users/peterzheng/GitHubProjects/STG_Game_2017Fall/src/main.cpp) id(1) Line(357)]Vector Address{1}enemy:0x101a26c58 {2}bullet:0x101a26c70 {3}userbullet:0x101a26c88  {4}stopAnimation:0x101a27108  {5}userBulletCurve:0x101a26cb8  {6}BulletCurve:0x101a26ca0
[2017-11-24 22:41:56]:[RunTime: 3 seconds]:[INFO at File(/Users/peterzheng/GitHubProjects/STG_Game_2017Fall/src/main.cpp) id(1) Line(361)]Player Point{1}x:512 {2}y:384
[2017-11-24 22:41:56]:[RunTime: 3 seconds]:[INFO at File(/Users/peterzheng/GitHubProjects/STG_Game_2017Fall/src/main.cpp) id(1) Line(365)]PCMPlaying: Status Normal
[2017-11-24 22:41:56]:[RunTime: 3 seconds]:[INFO at File(/Users/peterzheng/GitHubProjects/STG_Game_2017Fall/src/main.cpp) id(1) Line(368)]PCMPlaying: NowPlaying 303104 Bytes Data.
[2017-11-24 22:41:56]:[RunTime: 3 seconds]:[INFO at File() id(1) Line(0)]=====================Information End==========================
[2017-11-24 22:41:57]:[RunTime: 4 seconds]:[INFO at File() id(1) Line(0)]=====================New Information==========================
[2017-11-24 22:41:57]:[RunTime: 4 seconds]:[INFO at File(/Users/peterzheng/GitHubProjects/STG_Game_2017Fall/src/main.cpp) id(1) Line(345)]Variable Information:
[2017-11-24 22:41:57]:[RunTime: 4 seconds]:[INFO at File(/Users/peterzheng/GitHubProjects/STG_Game_2017Fall/src/main.cpp) id(1) Line(351)]Vector Size{1}enemy:2 {2}bullet:7 {3}userbullet:0  {4}stopAnimation:0  {5}userBulletCurve:0  {6}BulletCurve:0
[2017-11-24 22:41:57]:[RunTime: 4 seconds]:[INFO at File(/Users/peterzheng/GitHubProjects/STG_Game_2017Fall/src/main.cpp) id(1) Line(357)]Vector Address{1}enemy:0x101a26c58 {2}bullet:0x101a26c70 {3}userbullet:0x101a26c88  {4}stopAnimation:0x101a27108  {5}userBulletCurve:0x101a26cb8  {6}BulletCurve:0x101a26ca0
[2017-11-24 22:41:57]:[RunTime: 4 seconds]:[INFO at File(/Users/peterzheng/GitHubProjects/STG_Game_2017Fall/src/main.cpp) id(1) Line(361)]Player Point{1}x:541.55 {2}y:384
[2017-11-24 22:41:57]:[RunTime: 4 seconds]:[INFO at File(/Users/peterzheng/GitHubProjects/STG_Game_2017Fall/src/main.cpp) id(1) Line(365)]PCMPlaying: Status Normal
[2017-11-24 22:41:57]:[RunTime: 4 seconds]:[INFO at File(/Users/peterzheng/GitHubProjects/STG_Game_2017Fall/src/main.cpp) id(1) Line(368)]PCMPlaying: NowPlaying 114688 Bytes Data.
[2017-11-24 22:41:57]:[RunTime: 4 seconds]:[INFO at File() id(1) Line(0)]=====================Information End==========================
[2017-11-24 22:41:58]:[RunTime: 5 seconds]:[INFO at File() id(1) Line(0)]=====================New Information==========================
[2017-11-24 22:41:58]:[RunTime: 5 seconds]:[INFO at File(/Users/peterzheng/GitHubProjects/STG_Game_2017Fall/src/main.cpp) id(1) Line(345)]Variable Information:
[2017-11-24 22:41:58]:[RunTime: 5 seconds]:[INFO at File(/Users/peterzheng/GitHubProjects/STG_Game_2017Fall/src/main.cpp) id(1) Line(351)]Vector Size{1}enemy:6 {2}bullet:52 {3}userbullet:0  {4}stopAnimation:0  {5}userBulletCurve:0  {6}BulletCurve:0
[2017-11-24 22:41:58]:[RunTime: 5 seconds]:[INFO at File(/Users/peterzheng/GitHubProjects/STG_Game_2017Fall/src/main.cpp) id(1) Line(357)]Vector Address{1}enemy:0x101a26c58 {2}bullet:0x101a26c70 {3}userbullet:0x101a26c88  {4}stopAnimation:0x101a27108  {5}userBulletCurve:0x101a26cb8  {6}BulletCurve:0x101a26ca0
[2017-11-24 22:41:58]:[RunTime: 5 seconds]:[INFO at File(/Users/peterzheng/GitHubProjects/STG_Game_2017Fall/src/main.cpp) id(1) Line(361)]Player Point{1}x:522.901 {2}y:538.92
[2017-11-24 22:41:58]:[RunTime: 5 seconds]:[INFO at File(/Users/peterzheng/GitHubProjects/STG_Game_2017Fall/src/main.cpp) id(1) Line(365)]PCMPlaying: Status Normal
[2017-11-24 22:41:58]:[RunTime: 5 seconds]:[INFO at File(/Users/peterzheng/GitHubProjects/STG_Game_2017Fall/src/main.cpp) id(1) Line(368)]PCMPlaying: NowPlaying 286720 Bytes Data.
[2017-11-24 22:41:58]:[RunTime: 5 seconds]:[INFO at File() id(1) Line(0)]=====================Information End==========================
